{"/home/abdel/changedAlg/AlgerianAdministrativeDivision/dist/index.js": {"path":"/home/abdel/changedAlg/AlgerianAdministrativeDivision/dist/index.js","statementMap":{"0":{"start":{"line":2,"column":0},"end":{"line":2,"column":62}},"1":{"start":{"line":3,"column":0},"end":{"line":3,"column":33}},"2":{"start":{"line":4,"column":16},"end":{"line":4,"column":44}},"3":{"start":{"line":5,"column":16},"end":{"line":5,"column":77}},"4":{"start":{"line":6,"column":0},"end":{"line":6,"column":28}},"5":{"start":{"line":7,"column":0},"end":{"line":12,"column":2}},"6":{"start":{"line":8,"column":19},"end":{"line":8,"column":27}},"7":{"start":{"line":9,"column":4},"end":{"line":10,"column":28}},"8":{"start":{"line":10,"column":8},"end":{"line":10,"column":28}},"9":{"start":{"line":11,"column":4},"end":{"line":11,"column":101}},"10":{"start":{"line":11,"column":55},"end":{"line":11,"column":97}},"11":{"start":{"line":13,"column":0},"end":{"line":16,"column":2}},"12":{"start":{"line":14,"column":4},"end":{"line":14,"column":57}},"13":{"start":{"line":15,"column":4},"end":{"line":15,"column":101}},"14":{"start":{"line":15,"column":55},"end":{"line":15,"column":97}},"15":{"start":{"line":17,"column":0},"end":{"line":20,"column":2}},"16":{"start":{"line":18,"column":4},"end":{"line":18,"column":61}},"17":{"start":{"line":19,"column":4},"end":{"line":19,"column":109}},"18":{"start":{"line":19,"column":55},"end":{"line":19,"column":105}}},"fnMap":{"0":{"name":"(anonymous_0)","decl":{"start":{"line":7,"column":22},"end":{"line":7,"column":23}},"loc":{"start":{"line":7,"column":43},"end":{"line":12,"column":1}},"line":7},"1":{"name":"(anonymous_1)","decl":{"start":{"line":11,"column":32},"end":{"line":11,"column":33}},"loc":{"start":{"line":11,"column":53},"end":{"line":11,"column":99}},"line":11},"2":{"name":"(anonymous_2)","decl":{"start":{"line":13,"column":25},"end":{"line":13,"column":26}},"loc":{"start":{"line":13,"column":46},"end":{"line":16,"column":1}},"line":13},"3":{"name":"(anonymous_3)","decl":{"start":{"line":15,"column":32},"end":{"line":15,"column":33}},"loc":{"start":{"line":15,"column":53},"end":{"line":15,"column":99}},"line":15},"4":{"name":"(anonymous_4)","decl":{"start":{"line":17,"column":27},"end":{"line":17,"column":28}},"loc":{"start":{"line":17,"column":50},"end":{"line":20,"column":1}},"line":17},"5":{"name":"(anonymous_5)","decl":{"start":{"line":19,"column":32},"end":{"line":19,"column":33}},"loc":{"start":{"line":19,"column":53},"end":{"line":19,"column":107}},"line":19}},"branchMap":{"0":{"loc":{"start":{"line":9,"column":4},"end":{"line":10,"column":28}},"type":"if","locations":[{"start":{"line":9,"column":4},"end":{"line":10,"column":28}},{"start":{"line":9,"column":4},"end":{"line":10,"column":28}}],"line":9}},"s":{"0":3,"1":3,"2":3,"3":3,"4":3,"5":3,"6":1,"7":1,"8":0,"9":1,"10":4,"11":3,"12":1,"13":1,"14":7,"15":3,"16":3,"17":3,"18":51},"f":{"0":1,"1":4,"2":1,"3":7,"4":3,"5":51},"b":{"0":[0,1]},"_coverageSchema":"43e27e138ebf9cfc5966b082cf9a028302ed4184","hash":"7da506756f7b377ad96b9cf36e1f9784b35b7255"}
,"/home/abdel/changedAlg/AlgerianAdministrativeDivision/dist/helpers/parsers/index.js": {"path":"/home/abdel/changedAlg/AlgerianAdministrativeDivision/dist/helpers/parsers/index.js","statementMap":{"0":{"start":{"line":2,"column":0},"end":{"line":2,"column":62}},"1":{"start":{"line":3,"column":9},"end":{"line":3,"column":22}},"2":{"start":{"line":4,"column":13},"end":{"line":4,"column":28}},"3":{"start":{"line":5,"column":0},"end":{"line":7,"column":2}},"4":{"start":{"line":6,"column":4},"end":{"line":6,"column":58}},"5":{"start":{"line":8,"column":15},"end":{"line":8,"column":43}},"6":{"start":{"line":9,"column":0},"end":{"line":18,"column":2}},"7":{"start":{"line":10,"column":20},"end":{"line":10,"column":38}},"8":{"start":{"line":11,"column":17},"end":{"line":11,"column":49}},"9":{"start":{"line":12,"column":4},"end":{"line":16,"column":5}},"10":{"start":{"line":12,"column":21},"end":{"line":12,"column":22}},"11":{"start":{"line":13,"column":22},"end":{"line":13,"column":35}},"12":{"start":{"line":14,"column":8},"end":{"line":15,"column":25}},"13":{"start":{"line":15,"column":12},"end":{"line":15,"column":25}},"14":{"start":{"line":17,"column":4},"end":{"line":17,"column":16}},"15":{"start":{"line":19,"column":0},"end":{"line":26,"column":2}},"16":{"start":{"line":20,"column":4},"end":{"line":25,"column":5}},"17":{"start":{"line":21,"column":8},"end":{"line":21,"column":31}},"18":{"start":{"line":24,"column":8},"end":{"line":24,"column":91}},"19":{"start":{"line":27,"column":0},"end":{"line":37,"column":2}},"20":{"start":{"line":28,"column":15},"end":{"line":28,"column":19}},"21":{"start":{"line":29,"column":17},"end":{"line":29,"column":45}},"22":{"start":{"line":30,"column":4},"end":{"line":35,"column":48}},"23":{"start":{"line":31,"column":22},"end":{"line":31,"column":74}},"24":{"start":{"line":32,"column":8},"end":{"line":32,"column":46}},"25":{"start":{"line":35,"column":8},"end":{"line":35,"column":48}},"26":{"start":{"line":36,"column":4},"end":{"line":36,"column":16}}},"fnMap":{"0":{"name":"(anonymous_0)","decl":{"start":{"line":5,"column":26},"end":{"line":5,"column":27}},"loc":{"start":{"line":5,"column":46},"end":{"line":7,"column":1}},"line":5},"1":{"name":"(anonymous_1)","decl":{"start":{"line":9,"column":19},"end":{"line":9,"column":20}},"loc":{"start":{"line":9,"column":35},"end":{"line":18,"column":1}},"line":9},"2":{"name":"(anonymous_2)","decl":{"start":{"line":19,"column":28},"end":{"line":19,"column":29}},"loc":{"start":{"line":19,"column":66},"end":{"line":26,"column":1}},"line":19},"3":{"name":"(anonymous_3)","decl":{"start":{"line":27,"column":24},"end":{"line":27,"column":25}},"loc":{"start":{"line":27,"column":49},"end":{"line":37,"column":1}},"line":27}},"branchMap":{"0":{"loc":{"start":{"line":14,"column":8},"end":{"line":15,"column":25}},"type":"if","locations":[{"start":{"line":14,"column":8},"end":{"line":15,"column":25}},{"start":{"line":14,"column":8},"end":{"line":15,"column":25}}],"line":14},"1":{"loc":{"start":{"line":30,"column":4},"end":{"line":35,"column":48}},"type":"if","locations":[{"start":{"line":30,"column":4},"end":{"line":35,"column":48}},{"start":{"line":30,"column":4},"end":{"line":35,"column":48}}],"line":30}},"s":{"0":3,"1":3,"2":3,"3":3,"4":3,"5":3,"6":3,"7":1,"8":1,"9":1,"10":1,"11":1,"12":1,"13":1,"14":0,"15":3,"16":4,"17":4,"18":0,"19":3,"20":3,"21":3,"22":3,"23":3,"24":3,"25":0,"26":3},"f":{"0":3,"1":1,"2":4,"3":3},"b":{"0":[1,0],"1":[3,0]},"_coverageSchema":"43e27e138ebf9cfc5966b082cf9a028302ed4184","hash":"f080d99429cfbb93e2ec95b8ac977ed4134b7dce"}
}
